2022/12/23 04:08:46 [emerg] 1#1: open() "/etc/nginx/sites-enabled/default" failed (2: No such file or directory) in /etc/nginx/nginx.conf:60
2022/12/23 04:08:47 [emerg] 1#1: open() "/etc/nginx/sites-enabled/default" failed (2: No such file or directory) in /etc/nginx/nginx.conf:60
2022/12/23 04:08:47 [emerg] 1#1: open() "/etc/nginx/sites-enabled/default" failed (2: No such file or directory) in /etc/nginx/nginx.conf:60
2022/12/23 04:08:48 [emerg] 1#1: open() "/etc/nginx/sites-enabled/default" failed (2: No such file or directory) in /etc/nginx/nginx.conf:60
2022/12/23 04:08:48 [emerg] 1#1: open() "/etc/nginx/sites-enabled/default" failed (2: No such file or directory) in /etc/nginx/nginx.conf:60
2022/12/23 04:08:49 [emerg] 1#1: open() "/etc/nginx/sites-enabled/default" failed (2: No such file or directory) in /etc/nginx/nginx.conf:60
2022/12/23 04:08:50 [emerg] 1#1: open() "/etc/nginx/sites-enabled/default" failed (2: No such file or directory) in /etc/nginx/nginx.conf:60
2022/12/23 04:08:50 [emerg] 1#1: open() "/etc/nginx/sites-enabled/default" failed (2: No such file or directory) in /etc/nginx/nginx.conf:60
2022/12/23 04:08:52 [emerg] 1#1: open() "/etc/nginx/sites-enabled/default" failed (2: No such file or directory) in /etc/nginx/nginx.conf:60
2022/12/23 04:08:52 [emerg] 1#1: open() "/etc/nginx/sites-enabled/default" failed (2: No such file or directory) in /etc/nginx/nginx.conf:60
2022/12/23 04:08:54 [emerg] 1#1: open() "/etc/nginx/sites-enabled/default" failed (2: No such file or directory) in /etc/nginx/nginx.conf:60
2022/12/23 04:08:55 [emerg] 1#1: open() "/etc/nginx/sites-enabled/default" failed (2: No such file or directory) in /etc/nginx/nginx.conf:60
2022/12/23 04:08:58 [emerg] 1#1: open() "/etc/nginx/sites-enabled/default" failed (2: No such file or directory) in /etc/nginx/nginx.conf:60
2022/12/23 04:08:59 [emerg] 1#1: open() "/etc/nginx/sites-enabled/default" failed (2: No such file or directory) in /etc/nginx/nginx.conf:60
2022/12/23 04:09:05 [emerg] 1#1: open() "/etc/nginx/sites-enabled/default" failed (2: No such file or directory) in /etc/nginx/nginx.conf:60
2022/12/23 04:09:06 [emerg] 1#1: open() "/etc/nginx/sites-enabled/default" failed (2: No such file or directory) in /etc/nginx/nginx.conf:60
2022/12/23 04:09:19 [emerg] 1#1: open() "/etc/nginx/sites-enabled/default" failed (2: No such file or directory) in /etc/nginx/nginx.conf:60
2022/12/23 04:09:19 [emerg] 1#1: open() "/etc/nginx/sites-enabled/default" failed (2: No such file or directory) in /etc/nginx/nginx.conf:60
2022/12/23 04:09:45 [emerg] 1#1: open() "/etc/nginx/sites-enabled/default" failed (2: No such file or directory) in /etc/nginx/nginx.conf:60
2022/12/23 04:09:46 [emerg] 1#1: open() "/etc/nginx/sites-enabled/default" failed (2: No such file or directory) in /etc/nginx/nginx.conf:60
2022/12/23 04:10:37 [emerg] 1#1: open() "/etc/nginx/sites-enabled/default" failed (2: No such file or directory) in /etc/nginx/nginx.conf:60
2022/12/23 04:10:37 [emerg] 1#1: open() "/etc/nginx/sites-enabled/default" failed (2: No such file or directory) in /etc/nginx/nginx.conf:60
2023/01/05 04:03:30 [notice] 1#1: using the "epoll" event method
2023/01/05 04:03:30 [notice] 1#1: nginx/1.23.2
2023/01/05 04:03:30 [notice] 1#1: built by gcc 10.2.1 20210110 (Debian 10.2.1-6) 
2023/01/05 04:03:30 [notice] 1#1: OS: Linux 5.15.0-56-generic
2023/01/05 04:03:30 [notice] 1#1: getrlimit(RLIMIT_NOFILE): 1048576:1048576
2023/01/05 04:03:30 [notice] 1#1: start worker processes
2023/01/05 04:03:30 [notice] 1#1: start worker process 29
2023/01/05 04:03:30 [notice] 1#1: start worker process 30
2023/01/05 04:03:30 [notice] 1#1: using the "epoll" event method
2023/01/05 04:03:30 [notice] 1#1: nginx/1.23.2
2023/01/05 04:03:30 [notice] 1#1: built by gcc 10.2.1 20210110 (Debian 10.2.1-6) 
2023/01/05 04:03:30 [notice] 1#1: OS: Linux 5.15.0-56-generic
2023/01/05 04:03:30 [notice] 1#1: getrlimit(RLIMIT_NOFILE): 1048576:1048576
2023/01/05 04:03:30 [notice] 1#1: start worker processes
2023/01/05 04:03:30 [notice] 1#1: start worker process 29
2023/01/05 04:03:30 [notice] 1#1: start worker process 30
2023/01/05 04:03:48 [error] 29#29: *1 open() "/usr/share/nginx/html/favicon.ico" failed (2: No such file or directory), client: 192.168.0.4, server: localhost, request: "GET /favicon.ico HTTP/1.1", host: "192.168.0.100", referrer: "http://192.168.0.100/"
2023/01/05 04:03:59 [notice] 1#1: signal 3 (SIGQUIT) received, shutting down
2023/01/05 04:03:59 [notice] 29#29: gracefully shutting down
2023/01/05 04:03:59 [notice] 30#30: gracefully shutting down
2023/01/05 04:03:59 [notice] 30#30: exiting
2023/01/05 04:03:59 [notice] 29#29: exiting
2023/01/05 04:03:59 [notice] 30#30: exit
2023/01/05 04:03:59 [notice] 29#29: exit
2023/01/05 04:03:59 [notice] 1#1: signal 17 (SIGCHLD) received from 29
2023/01/05 04:03:59 [notice] 1#1: worker process 29 exited with code 0
2023/01/05 04:03:59 [notice] 1#1: signal 29 (SIGIO) received
2023/01/05 04:03:59 [notice] 1#1: signal 17 (SIGCHLD) received from 30
2023/01/05 04:03:59 [notice] 1#1: worker process 30 exited with code 0
2023/01/05 04:03:59 [notice] 1#1: exit
2023/01/05 04:03:59 [notice] 1#1: signal 3 (SIGQUIT) received, shutting down
2023/01/05 04:03:59 [notice] 29#29: gracefully shutting down
2023/01/05 04:03:59 [notice] 30#30: gracefully shutting down
2023/01/05 04:03:59 [notice] 30#30: exiting
2023/01/05 04:03:59 [notice] 29#29: exiting
2023/01/05 04:03:59 [notice] 30#30: exit
2023/01/05 04:03:59 [notice] 29#29: exit
2023/01/05 04:03:59 [notice] 1#1: signal 17 (SIGCHLD) received from 30
2023/01/05 04:03:59 [notice] 1#1: worker process 30 exited with code 0
2023/01/05 04:03:59 [notice] 1#1: signal 29 (SIGIO) received
2023/01/05 04:03:59 [notice] 1#1: signal 17 (SIGCHLD) received from 29
2023/01/05 04:03:59 [notice] 1#1: worker process 29 exited with code 0
2023/01/05 04:03:59 [notice] 1#1: exit
